========== RL78 Start Logging =====
Thu Mar 27 13:24:51 2014
===================================
========== ex_boardinfo2 ==========
exec_infoname: RL78 EZ-CUBE Executor, exec_version: V1.80e, df_chipname: , df_fileversion: 
Boardinfo: 00008004, product id: 4100 version: A, firmware version: 07.12a
Port name 1: TOOL0, support_chk: 00000000
===================================
========== ex_boardinfo2 ==========
exec_infoname: RL78 EZ-CUBE Executor, exec_version: V1.80e, df_chipname: , df_fileversion: 
Boardinfo: 00008004, product id: 4100 version: A, firmware version: 07.12a
Port name 1: TOOL0, support_chk: 00000000
===================================
========== ex_boardinfo2 ==========
exec_infoname: RL78 EZ-CUBE Executor, exec_version: V1.80e, df_chipname: , df_fileversion: 
Boardinfo: 00008004, product id: 4100 version: A, firmware version: 07.12a
Port name 1: TOOL0, support_chk: 00000000
===================================
========== ex_initexec ============
Hostname: xxx
Portno: 0001
exec_name: , vdd: 01, clk: 00, flash: 10
pin: 00, mask: 00, sel: 00, pbrk: 00
devfile: C:\PROGRA~2\IARSYS~1\EMBEDD~1.5\rl78\config\renesas\devicefiles\DR5F104PJ.DVF
hWnd: 0x00000000, hAccTable: 0x00000000
data_num: 17
reg_inf: RP0:  52 50 30 00 00 00 00 00 08 00 00 00 00 00 00 00 00 02 00 00 00 00 00 00 
reg_inf: RP1:  52 50 31 00 00 00 00 00 09 00 00 00 00 00 00 00 00 02 00 00 00 00 00 00 
reg_inf: RP2:  52 50 32 00 00 00 00 00 0a 00 00 00 00 00 00 00 00 02 00 00 00 00 00 00 
reg_inf: RP3:  52 50 33 00 00 00 00 00 0b 00 00 00 00 00 00 00 00 02 00 00 00 00 00 00 
reg_inf: R0 :  52 30 00 00 00 00 00 00 00 00 00 00 00 00 00 00 00 01 00 00 00 00 00 00 
reg_inf: R1 :  52 31 00 00 00 00 00 00 01 00 00 00 00 00 00 00 00 01 00 00 00 00 00 00 
reg_inf: R2 :  52 32 00 00 00 00 00 00 02 00 00 00 00 00 00 00 00 01 00 00 00 00 00 00 
reg_inf: R3 :  52 33 00 00 00 00 00 00 03 00 00 00 00 00 00 00 00 01 00 00 00 00 00 00 
reg_inf: R4 :  52 34 00 00 00 00 00 00 04 00 00 00 00 00 00 00 00 01 00 00 00 00 00 00 
reg_inf: R5 :  52 35 00 00 00 00 00 00 05 00 00 00 00 00 00 00 00 01 00 00 00 00 00 00 
reg_inf: R6 :  52 36 00 00 00 00 00 00 06 00 00 00 00 00 00 00 00 01 00 00 00 00 00 00 
reg_inf: R7 :  52 37 00 00 00 00 00 00 07 00 00 00 00 00 00 00 00 01 00 00 00 00 00 00 
reg_inf: PC :  50 43 00 00 00 00 00 00 0e 00 00 00 00 00 00 00 00 02 00 00 00 00 00 00 
reg_inf: SP :  53 50 00 00 00 00 00 00 0d 00 00 00 00 00 00 00 00 02 00 00 00 00 00 00 
reg_inf: PSW:  50 53 57 00 00 00 00 00 0f 00 00 00 00 00 00 00 00 01 00 00 00 00 00 00 
reg_inf: ES :  45 53 00 00 00 00 00 00 12 00 00 00 00 00 00 00 00 01 00 00 00 00 00 00 
reg_inf: CS :  43 53 00 00 00 00 00 00 11 00 00 00 00 00 00 00 00 01 00 00 00 00 00 00 
===================================
========== ex_socunitinfo2 ========
EX_SET, EX_UNIT_FLPGOPT, num: 1
unit_info[0]: 0x00000004
===================================
========== ex_boardinfo2 ==========
exec_infoname: RL78 EZ-CUBE Executor, exec_version: V1.80e, df_chipname: R5F104PJ(f104pj), df_fileversion: V2.00
Boardinfo: 00008004, product id: 4100 version: A, firmware version: 07.12a
Port name 1: TOOL0, support_chk: 00000000
===================================
========== ex_socunitinfo2 ========
EX_SET, EX_UNIT_RSU, num: 5
unit_info[0]: 0x00000000
unit_info[1]: 0x00000000
unit_info[2]: 0x00000000
unit_info[3]: 0x00000000
unit_info[4]: 0x00000001
===================================
========== ex_pincont =============
EX_SET, mask_fg: 0x00000000, sel_fg: 0x00000000
===================================
========== ex_socunitinfo2 ========
EX_SET, EX_UNIT_ICEFUNCTION, num: 1
unit_info[0]: 0x00000000
===================================
========== ex_socunitinfo2 ========
EX_SET, EX_UNIT_CG, num: 4
unit_info[0]: 0x00000000
unit_info[1]: 0x00004E20
unit_info[2]: 0x00008000
unit_info[3]: 0x00000000
===================================
========== ex_getenv ==============
pack_info: "",  miro_info: "OCD Control Code V3.03",  exec_info: "RL78 EZ-CUBE Executor V1.80e [ 5 Sep 2013]",  moni_info: "",  flash_info: ""
trcmem_size: 0x00000100, btrcmem_size:     0x0000,     prt_num:     0x0000,      rprm_size:     0x0000,       seq_num: 0x0000,    pass_num: 0x0000,      snap_num: 0x0000, stub_num: 0x0000
  swdmm_num:     0x0000,      evn_num:       0x02,  busevn_num:       0x02,   fetchevn_num:       0x02,    brdevn_num:   0x00,   timer_num:   0x00,      brk_mode:   0x01,  em1_chk:   0x00, exec_chk: 0x00
 dmrom_addr: 0x00000000,   dmrom_size: 0x00000000, opboard_chk: 0x00000000, extsupport_chk: 0x00802200, beforebrk_num: 0x0000, emumem_size: 0x0000, trcbusevn_num:   0x00
===================================
========== ex_boardinfo2 ==========
exec_infoname: RL78 EZ-CUBE Executor, exec_version: V1.80e, df_chipname: R5F104PJ(f104pj), df_fileversion: V2.00
Boardinfo: 00008004, product id: 4100 version: A, firmware version: 07.12a
Port name 1: TOOL0, support_chk: 00000000
===================================
========== ex_initimem2 ===========
EX_SET, rom_size:  0x00040000
brom_size: 0x00000000
ram_size:  0x00006000
xram_size: 0x00000000
===================================
========== ex_setenv ==============
EX_REF, trcmem_size: 0x00000100, pev_mode: 3, flsafe_sw: 0x00000000
btrcmem_size: 0x00000000, brkmem_sw: 0x00000000, brk_mode: 1, trcp_bksw: 0x00000000
===================================
========== ex_setenv ==============
EX_SET, trcmem_size: 0x00000100, pev_mode: 3, flsafe_sw: 0x00000000
btrcmem_size: 0x00000000, brkmem_sw: 0x00000000, brk_mode: 1, trcp_bksw: 0x00000000
===================================
========== ex_trcsw ===============
EX_TRCMEM_OFF
===================================
========== ex_trcsw ===============
EX_TRCMEM_OFF
**********************************************************************
**  ERROR  **  0x030F  **  The setting has been already specified.  **
**********************************************************************
===================================
========== ex_memwrite ============
addr_1: 0x00004800, addr_2: 0x0676EE78, count: 0x0200, EX_M_FLASH_PV_WR, EX_DATA_SIZE_4, EX_VER_OFF
data: 0x61 0x73 0x6B 0x00 0x54 0x61 0x73 0x6B 0x20 0x51 0x00 0x00 0x54 0x61 0x73 0x6B 0x20 0x53 0x65 0x6D ...
(number: 0xF5C43954, error_fg: 0x76, direct: 0x788D)
===================================
========== ex_memwrite ============
addr_1: 0x00005000, addr_2: 0x0676EE78, count: 0x0200, EX_M_FLASH_PV_WR, EX_DATA_SIZE_4, EX_VER_OFF
data: 0xA8 0x02 0xFD 0x3F 0x51 0xC5 0xC6 0xFD 0x45 0x51 0x61 0xEA 0xAE 0xF8 0x16 0x31 0x85 0x0F 0x51 0x05 ...
(number: 0xF5C43954, error_fg: 0x76, direct: 0x788D)
===================================
========== ex_memwrite ============
addr_1: 0x00009000, addr_2: 0x0676EE78, count: 0x0200, EX_M_FLASH_PV_WR, EX_DATA_SIZE_4, EX_VER_OFF
data: 0xB8 0x06 0xA8 0x3E 0xFD 0x2C 0x92 0xA8 0x12 0x31 0x75 0x07 0xA8 0x06 0xFD 0x87 0x8C 0xEF 0x16 0x14 ...
(number: 0xF5C43954, error_fg: 0x76, direct: 0x788D)
===================================
========== ex_memwrite ============
addr_1: 0x00003000, addr_2: 0x0676EE78, count: 0x0200, EX_M_FLASH_PV_WR, EX_DATA_SIZE_4, EX_VER_OFF
data: 0x49 0x6E 0x69 0x74 0x20 0x41 0x63 0x63 0x65 0x6C 0x00 0x00 0x44 0x6F 0x6E 0x65 0x00 0x00 0x58 0x3A ...
(number: 0xF5C43954, error_fg: 0x76, direct: 0x788D)
===================================
========== ex_memwrite ============
addr_1: 0x00005800, addr_2: 0x0676EE78, count: 0x0200, EX_M_FLASH_PV_WR, EX_DATA_SIZE_4, EX_VER_OFF
data: 0x08 0xC3 0xC1 0x34 0x0A 0x31 0xF3 0x51 0x03 0xFD 0x1C 0x63 0xA8 0x14 0xFD 0x4C 0x59 0xC3 0xC1 0xA8 ...
(number: 0xF5C43954, error_fg: 0x76, direct: 0x788D)
===================================
========== ex_memwrite ============
addr_1: 0x00003800, addr_2: 0x0676EE78, count: 0x0200, EX_M_FLASH_PV_WR, EX_DATA_SIZE_4, EX_VER_OFF
data: 0x54 0x5C 0x18 0x00 0x08 0x08 0x00 0x01 0x45 0x7C 0x7C 0x41 0x01 0x00 0x08 0x08 0x02 0x03 0x45 0x7D ...
(number: 0xF5C43954, error_fg: 0x76, direct: 0x788D)
===================================
========== ex_memwrite ============
addr_1: 0x00004000, addr_2: 0x0676EE78, count: 0x0200, EX_M_FLASH_PV_WR, EX_DATA_SIZE_4, EX_VER_OFF
data: 0x00 0x00 0x00 0x00 0x00 0x00 0x00 0x00 0x00 0x00 0x00 0x00 0x00 0x00 0x00 0x00 0x00 0x00 0x00 0x00 ...
(number: 0xF5C43954, error_fg: 0x76, direct: 0x788D)
===================================
========== ex_memwrite ============
addr_1: 0x00006000, addr_2: 0x0676EE78, count: 0x0200, EX_M_FLASH_PV_WR, EX_DATA_SIZE_4, EX_VER_OFF
data: 0x9C 0xBB 0x04 0x01 0x00 0x61 0xD8 0xA3 0xBF 0x9C 0xBB 0x13 0xBF 0x9E 0xBB 0xDB 0xA2 0xBB 0xAF 0xA0 ...
(number: 0xF5C43954, error_fg: 0x76, direct: 0x788D)
===================================
========== ex_memwrite ============
addr_1: 0x00006800, addr_2: 0x0676EE78, count: 0x0200, EX_M_FLASH_PV_WR, EX_DATA_SIZE_4, EX_VER_OFF
data: 0x14 0xA9 0x44 0x00 0x00 0xA5 0xA5 0xA9 0xDF 0x09 0xB8 0x02 0x14 0xF6 0xB9 0x15 0xBB 0xEF 0x23 0x44 ...
(number: 0xF5C43954, error_fg: 0x76, direct: 0x788D)
===================================
========== ex_memwrite ============
addr_1: 0x00000000, addr_2: 0x0676EE78, count: 0x0200, EX_M_FLASH_PV_WR, EX_DATA_SIZE_4, EX_VER_OFF
data: 0xDD 0x00 0xFF 0xFF 0xFF 0xFF 0xFF 0xFF 0xFF 0xFF 0xFF 0xFF 0xFF 0xFF 0xFF 0xFF 0xFF 0xFF 0xFF 0xFF ...
(number: 0xF5C43954, error_fg: 0x76, direct: 0x788D)
===================================
========== ex_memwrite ============
addr_1: 0x00007000, addr_2: 0x0676EE78, count: 0x0200, EX_M_FLASH_PV_WR, EX_DATA_SIZE_4, EX_VER_OFF
data: 0x37 0xBB 0x13 0xBC 0x02 0xD7 0x71 0xFC 0x71 0x79 0xFA 0xD7 0xC1 0xC3 0xC5 0x20 0x0A 0x8E 0xFA 0x70 ...
(number: 0xF5C43954, error_fg: 0x76, direct: 0x788D)
===================================
========== ex_memwrite ============
addr_1: 0x00007800, addr_2: 0x0676EE78, count: 0x0200, EX_M_FLASH_PV_WR, EX_DATA_SIZE_4, EX_VER_OFF
data: 0x3B 0x7A 0xCE 0xFB 0x0B 0xFB 0xF8 0xFF 0xC7 0x34 0x00 0x00 0xFD 0x2A 0x84 0xFD 0x42 0x78 0xFD 0xC9 ...
(number: 0xF5C43954, error_fg: 0x76, direct: 0x788D)
===================================
========== ex_memwrite ============
addr_1: 0x00008000, addr_2: 0x0676EE78, count: 0x0200, EX_M_FLASH_PV_WR, EX_DATA_SIZE_4, EX_VER_OFF
data: 0x54 0xC0 0x14 0xF6 0xB9 0xBA 0x02 0xBA 0x04 0xA7 0xAF 0xEE 0x47 0x47 0x61 0xC3 0xE7 0xC4 0xC2 0xD7 ...
(number: 0xF5C43954, error_fg: 0x76, direct: 0x788D)
===================================
========== ex_memwrite ============
addr_1: 0x00008800, addr_2: 0x0676EE78, count: 0x0200, EX_M_FLASH_PV_WR, EX_DATA_SIZE_4, EX_VER_OFF
data: 0x8E 0x26 0x6C 0x03 0x9E 0x26 0xA7 0x71 0xB3 0xCF 0x32 0x02 0x4C 0xCF 0x33 0x02 0x55 0x71 0x82 0xCF ...
(number: 0xF5C43954, error_fg: 0x76, direct: 0x788D)
===================================
========== ex_memwrite ============
addr_1: 0x00000800, addr_2: 0x0676EE78, count: 0x0200, (EX_M_FLASH_PV_WR | EX_M_FLASH_END_WR), EX_DATA_SIZE_4, EX_VER_OFF
data: 0x61 0x8C 0x61 0xDC 0x61 0x8C 0x61 0x8D 0x61 0xDC 0x61 0x8D 0x08 0x61 0xDC 0x08 0x61 0xDC 0x61 0x4F ...
(number: 0xF5C43954, error_fg: 0x76, direct: 0x788D)
===================================
========== ex_memread =============
addr_1: 0x00004800, number: 0x00000400, EX_BREAK_RD, EX_DATA_SIZE_1
data: 0x61 0x73 0x6B 0x00 0x54 0x61 0x73 0x6B 0x20 0x51 0x00 0x00 0x54 0x61 0x73 0x6B 0x20 0x53 0x65 0x6D ...
(addr_2: 0x7474A010, count: 0x7461, verify_fg: 0x000C, error_fg: 0x00, direct: 0x9706)
===================================
========== ex_memread =============
addr_1: 0x00004C00, number: 0x00000400, EX_BREAK_RD, EX_DATA_SIZE_1
data: 0xED 0x4D 0xA8 0x0E 0xFD 0x16 0x51 0xA8 0x0E 0xFD 0xF8 0x4D 0xA8 0x0E 0xFD 0x4B 0x51 0xF6 0xB8 0x04 ...
(addr_2: 0x7474A010, count: 0x7461, verify_fg: 0x000C, error_fg: 0x00, direct: 0x9706)
===================================
========== ex_memread =============
addr_1: 0x00005000, number: 0x00000400, EX_BREAK_RD, EX_DATA_SIZE_1
data: 0xA8 0x02 0xFD 0x3F 0x51 0xC5 0xC6 0xFD 0x45 0x51 0x61 0xEA 0xAE 0xF8 0x16 0x31 0x85 0x0F 0x51 0x05 ...
(addr_2: 0x7474A010, count: 0x7461, verify_fg: 0x000C, error_fg: 0x00, direct: 0x9706)
===================================
========== ex_memread =============
addr_1: 0x00005400, number: 0x00000400, EX_BREAK_RD, EX_DATA_SIZE_1
data: 0x55 0xFD 0x8E 0x74 0xA8 0x0E 0xC1 0xA8 0x0E 0xC1 0xFD 0x36 0x5B 0xFD 0x0D 0x09 0x16 0xB8 0x02 0x13 ...
(addr_2: 0x7474A010, count: 0x7461, verify_fg: 0x000C, error_fg: 0x00, direct: 0x9706)
===================================
========== ex_memread =============
addr_1: 0x00009000, number: 0x00000400, EX_BREAK_RD, EX_DATA_SIZE_1
data: 0xB8 0x06 0xA8 0x3E 0xFD 0x2C 0x92 0xA8 0x12 0x31 0x75 0x07 0xA8 0x06 0xFD 0x87 0x8C 0xEF 0x16 0x14 ...
(addr_2: 0x7474A010, count: 0x7461, verify_fg: 0x000C, error_fg: 0x00, direct: 0x9706)
===================================
========== ex_memread =============
addr_1: 0x00009400, number: 0x00000400, EX_BREAK_RD, EX_DATA_SIZE_1
data: 0x16 0x60 0x5C 0x14 0x4C 0x10 0xDF 0x1C 0xC7 0xC5 0xC6 0xAC 0x0E 0x16 0xAA 0x0A 0x12 0xAA 0x14 0x23 ...
(addr_2: 0x7474A010, count: 0x7461, verify_fg: 0x000C, error_fg: 0x00, direct: 0x9706)
===================================
========== ex_memread =============
addr_1: 0x00003000, number: 0x00000400, EX_BREAK_RD, EX_DATA_SIZE_1
data: 0x49 0x6E 0x69 0x74 0x20 0x41 0x63 0x63 0x65 0x6C 0x00 0x00 0x44 0x6F 0x6E 0x65 0x00 0x00 0x58 0x3A ...
(addr_2: 0x7474A010, count: 0x7461, verify_fg: 0x000C, error_fg: 0x00, direct: 0x9706)
===================================
========== ex_memread =============
addr_1: 0x00003400, number: 0x00000400, EX_BREAK_RD, EX_DATA_SIZE_1
data: 0x24 0x2E 0x2A 0x6B 0x6B 0x3A 0x12 0x00 0x08 0x08 0x42 0x62 0x30 0x18 0x0C 0x46 0x42 0x00 0x08 0x08 ...
(addr_2: 0x7474A010, count: 0x7461, verify_fg: 0x000C, error_fg: 0x00, direct: 0x9706)
===================================
========== ex_memread =============
addr_1: 0x00005800, number: 0x00000400, EX_BREAK_RD, EX_DATA_SIZE_1
data: 0x08 0xC3 0xC1 0x34 0x0A 0x31 0xF3 0x51 0x03 0xFD 0x1C 0x63 0xA8 0x14 0xFD 0x4C 0x59 0xC3 0xC1 0xA8 ...
(addr_2: 0x7474A010, count: 0x7461, verify_fg: 0x000C, error_fg: 0x00, direct: 0x9706)
===================================
========== ex_memread =============
addr_1: 0x00005C00, number: 0x00000400, EX_BREAK_RD, EX_DATA_SIZE_1
data: 0x33 0x22 0x68 0xBC 0x33 0x14 0xC3 0xC6 0xC7 0xC5 0xDB 0x74 0xBC 0xAF 0x72 0xBC 0xFD 0x61 0x09 0xDE ...
(addr_2: 0x7474A010, count: 0x7461, verify_fg: 0x000C, error_fg: 0x00, direct: 0x9706)
===================================
========== ex_memread =============
addr_1: 0x00003800, number: 0x00000400, EX_BREAK_RD, EX_DATA_SIZE_1
data: 0x54 0x5C 0x18 0x00 0x08 0x08 0x00 0x01 0x45 0x7C 0x7C 0x41 0x01 0x00 0x08 0x08 0x02 0x03 0x45 0x7D ...
(addr_2: 0x7474A010, count: 0x7461, verify_fg: 0x000C, error_fg: 0x00, direct: 0x9706)
===================================
========== ex_memread =============
addr_1: 0x00003C00, number: 0x00000400, EX_BREAK_RD, EX_DATA_SIZE_1
data: 0x08 0x08 0x00 0x44 0x44 0x5F 0x5F 0x44 0x44 0x00 0x08 0x08 0x00 0x40 0x51 0x5B 0x4E 0x44 0x40 0x00 ...
(addr_2: 0x7474A010, count: 0x7461, verify_fg: 0x000C, error_fg: 0x00, direct: 0x9706)
===================================
========== ex_memread =============
addr_1: 0x00004000, number: 0x00000400, EX_BREAK_RD, EX_DATA_SIZE_1
data: 0x00 0x00 0x00 0x00 0x00 0x00 0x00 0x00 0x00 0x00 0x00 0x00 0x00 0x00 0x00 0x00 0x00 0x00 0x00 0x00 ...
(addr_2: 0x7474A010, count: 0x7461, verify_fg: 0x000C, error_fg: 0x00, direct: 0x9706)
===================================
========== ex_memread =============
addr_1: 0x00004400, number: 0x00000400, EX_BREAK_RD, EX_DATA_SIZE_1
data: 0x05 0x07 0x07 0x38 0x07 0x00 0x00 0x00 0x05 0x07 0x31 0x29 0x25 0x23 0x00 0x00 0x05 0x07 0x3F 0x21 ...
(addr_2: 0x7474A010, count: 0x7461, verify_fg: 0x000C, error_fg: 0x00, direct: 0x9706)
===================================
========== ex_memread =============
addr_1: 0x00006000, number: 0x00000400, EX_BREAK_RD, EX_DATA_SIZE_1
data: 0x9C 0xBB 0x04 0x01 0x00 0x61 0xD8 0xA3 0xBF 0x9C 0xBB 0x13 0xBF 0x9E 0xBB 0xDB 0xA2 0xBB 0xAF 0xA0 ...
(addr_2: 0x7474A010, count: 0x7461, verify_fg: 0x000C, error_fg: 0x00, direct: 0x9706)
===================================
========== ex_memread =============
addr_1: 0x00006400, number: 0x00000400, EX_BREAK_RD, EX_DATA_SIZE_1
data: 0xDD 0x0D 0xAF 0xCE 0x47 0xB1 0xF7 0x33 0xBB 0x33 0xA7 0xA7 0x43 0xDF 0xF6 0xF6 0xBF 0x68 0xC0 0xBF ...
(addr_2: 0x7474A010, count: 0x7461, verify_fg: 0x000C, error_fg: 0x00, direct: 0x9706)
===================================
========== ex_memread =============
addr_1: 0x00006800, number: 0x00000400, EX_BREAK_RD, EX_DATA_SIZE_1
data: 0x14 0xA9 0x44 0x00 0x00 0xA5 0xA5 0xA9 0xDF 0x09 0xB8 0x02 0x14 0xF6 0xB9 0x15 0xBB 0xEF 0x23 0x44 ...
(addr_2: 0x7474A010, count: 0x7461, verify_fg: 0x000C, error_fg: 0x00, direct: 0x9706)
===================================
========== ex_memread =============
addr_1: 0x00006C00, number: 0x00000400, EX_BREAK_RD, EX_DATA_SIZE_1
data: 0xA8 0x04 0xFD 0x0D 0x09 0xBC 0x4A 0x13 0xBC 0x4C 0xFB 0x36 0xC2 0xAC 0x4C 0x12 0xAC 0x4A 0xC3 0x14 ...
(addr_2: 0x7474A010, count: 0x7461, verify_fg: 0x000C, error_fg: 0x00, direct: 0x9706)
===================================
========== ex_memread =============
addr_1: 0x00000000, number: 0x00000400, EX_BREAK_RD, EX_DATA_SIZE_1
data: 0xD0 0x00 0xFF 0xFF 0xFF 0xFF 0xFF 0xFF 0xFF 0xFF 0xFF 0xFF 0xFF 0xFF 0xFF 0xFF 0xFF 0xFF 0xFF 0xFF ...
(addr_2: 0x7474A010, count: 0x7461, verify_fg: 0x000C, error_fg: 0x00, direct: 0x9706)
===================================
========== ex_memread =============
addr_1: 0x00000400, number: 0x00000400, EX_BREAK_RD, EX_DATA_SIZE_1
data: 0xF8 0xFF 0x13 0x6E 0x0B 0x01 0xDC 0x0D 0x13 0x61 0x49 0x0A 0xDF 0x15 0xAC 0x02 0x61 0x49 0x08 0xEF ...
(addr_2: 0x7474A010, count: 0x7461, verify_fg: 0x000C, error_fg: 0x00, direct: 0x9706)
===================================
========== ex_memread =============
addr_1: 0x00007000, number: 0x00000400, EX_BREAK_RD, EX_DATA_SIZE_1
data: 0x37 0xBB 0x13 0xBC 0x02 0xD7 0x71 0xFC 0x71 0x79 0xFA 0xD7 0xC1 0xC3 0xC5 0x20 0x0A 0x8E 0xFA 0x70 ...
(addr_2: 0x7474A010, count: 0x7461, verify_fg: 0x000C, error_fg: 0x00, direct: 0x9706)
===================================
========== ex_memread =============
addr_1: 0x00007400, number: 0x00000400, EX_BREAK_RD, EX_DATA_SIZE_1
data: 0xC1 0xA8 0x0E 0xC1 0xA8 0x12 0x14 0xAC 0x04 0x12 0xA8 0x14 0xFD 0x56 0x68 0xA8 0x04 0xB8 0x02 0xA8 ...
(addr_2: 0x7474A010, count: 0x7461, verify_fg: 0x000C, error_fg: 0x00, direct: 0x9706)
===================================
========== ex_memread =============
addr_1: 0x00007800, number: 0x00000400, EX_BREAK_RD, EX_DATA_SIZE_1
data: 0x3B 0x7A 0xCE 0xFB 0x0B 0xFB 0xF8 0xFF 0xC7 0x34 0x00 0x00 0xFD 0x2A 0x84 0xFD 0x42 0x78 0xFD 0xC9 ...
(addr_2: 0x7474A010, count: 0x7461, verify_fg: 0x000C, error_fg: 0x00, direct: 0x9706)
===================================
========== ex_memread =============
addr_1: 0x00007C00, number: 0x00000400, EX_BREAK_RD, EX_DATA_SIZE_1
data: 0xAC 0x5E 0xFD 0x61 0x09 0x61 0xD8 0xFD 0x2A 0x7D 0xFD 0xE2 0x5B 0x88 0x00 0xFD 0x47 0x7D 0xA8 0x18 ...
(addr_2: 0x7474A010, count: 0x7461, verify_fg: 0x000C, error_fg: 0x00, direct: 0x9706)
===================================
========== ex_memread =============
addr_1: 0x00008000, number: 0x00000400, EX_BREAK_RD, EX_DATA_SIZE_1
data: 0x54 0xC0 0x14 0xF6 0xB9 0xBA 0x02 0xBA 0x04 0xA7 0xAF 0xEE 0x47 0x47 0x61 0xC3 0xE7 0xC4 0xC2 0xD7 ...
(addr_2: 0x7474A010, count: 0x7461, verify_fg: 0x000C, error_fg: 0x00, direct: 0x9706)
===================================
========== ex_memread =============
addr_1: 0x00008400, number: 0x00000400, EX_BREAK_RD, EX_DATA_SIZE_1
data: 0xBF 0x34 0xC2 0xFD 0xE2 0x5B 0x88 0x0A 0x71 0xFC 0x71 0x79 0xFA 0x10 0x0E 0xC4 0xC2 0xD7 0xDB 0xBE ...
(addr_2: 0x7474A010, count: 0x7461, verify_fg: 0x000C, error_fg: 0x00, direct: 0x9706)
===================================
========== ex_memread =============
addr_1: 0x00008800, number: 0x00000400, EX_BREAK_RD, EX_DATA_SIZE_1
data: 0x8E 0x26 0x6C 0x03 0x9E 0x26 0xA7 0x71 0xB3 0xCF 0x32 0x02 0x4C 0xCF 0x33 0x02 0x55 0x71 0x82 0xCF ...
(addr_2: 0x7474A010, count: 0x7461, verify_fg: 0x000C, error_fg: 0x00, direct: 0x9706)
===================================
========== ex_memread =============
addr_1: 0x00008C00, number: 0x00000400, EX_BREAK_RD, EX_DATA_SIZE_1
data: 0xDF 0x07 0xA8 0x06 0x12 0xA8 0x04 0xEF 0x4E 0xA8 0x02 0x44 0x02 0x00 0xDF 0x07 0xA8 0x10 0x12 0xA8 ...
(addr_2: 0x7474A010, count: 0x7461, verify_fg: 0x000C, error_fg: 0x00, direct: 0x9706)
===================================
========== ex_memread =============
addr_1: 0x00000800, number: 0x00000400, EX_BREAK_RD, EX_DATA_SIZE_1
data: 0x61 0x8C 0x61 0xDC 0x61 0x8C 0x61 0x8D 0x61 0xDC 0x61 0x8D 0x08 0x61 0xDC 0x08 0x61 0xDC 0x61 0x4F ...
(addr_2: 0x7474A010, count: 0x7461, verify_fg: 0x000C, error_fg: 0x00, direct: 0x9706)
===================================
========== ex_memread =============
addr_1: 0x00000C00, number: 0x00000400, EX_BREAK_RD, EX_DATA_SIZE_1
data: 0xFF 0xFF 0xFF 0xFF 0xFF 0xFF 0xFF 0xFF 0xFF 0xFF 0xFF 0xFF 0xFF 0xFF 0xFF 0xFF 0xFF 0xFF 0xFF 0xFF ...
(addr_2: 0x7474A010, count: 0x7461, verify_fg: 0x000C, error_fg: 0x00, direct: 0x9706)
===================================
========== ex_memread =============
addr_1: 0x000000C4, number: 0x0000000A, EX_BREAK_RD, EX_DATA_SIZE_1
data: 0x00 0x00 0x00 0x00 0x00 0x00 0x00 0x00 0x00 0x00 ...
(addr_2: 0xFFFFFFFF, count: 0xFFFF, verify_fg: 0xFFFF, error_fg: 0xFF, direct: 0xFFFF)
===================================
========== ex_reset ===============
EX_RESET
===================================
========== ex_swbrkcond ===========
EX_SET, num: 0x0001, sbno: 0x0001, sberr: 0x0000, sbaddr: 0x00008AF8, sbdata: 0xFD 0x00
===================================
========== ex_swbrkcond ===========
EX_SET, num: 0x0001, sbno: 0x0002, sberr: 0x0000, sbaddr: 0x00008B43, sbdata: 0xD7 0x00
===================================
========== ex_covsw ===============
EX_COV_SW_OFF
*************************************************************
**  ERROR  **  0x0002  **  This feature is not supported.  **
*************************************************************
===================================
========== ex_regread =============
EX_ER_OFF_REG_READ, num: 1, reg_char: 0x0200, data: 0x000000DD
===================================
========== ex_memread =============
addr_1: 0x00000000, number: 0x00000080, EX_BREAK_RD, EX_DATA_SIZE_1
data: 0xD0 0x00 0xFF 0xFF 0xFF 0xFF 0xFF 0xFF 0xFF 0xFF 0xFF 0xFF 0xFF 0xFF 0xFF 0xFF 0xFF 0xFF 0xFF 0xFF ...
(addr_2: 0x00000000, count: 0x0077, verify_fg: 0x8000, error_fg: 0x03, direct: 0x0000)
===================================
========== ex_memread =============
addr_1: 0x00000080, number: 0x00000080, EX_BREAK_RD, EX_DATA_SIZE_1
data: 0xFF 0xFF 0xFF 0xFF 0xFF 0xFF 0xFF 0xFF 0xFF 0xFF 0xFF 0xFF 0xFF 0xFF 0xFF 0xFF 0xFF 0xFF 0xFF 0xFF ...
(addr_2: 0x00000000, count: 0x0077, verify_fg: 0x8000, error_fg: 0x03, direct: 0x0000)
===================================
========== ex_memread =============
addr_1: 0x00000100, number: 0x00000080, EX_BREAK_RD, EX_DATA_SIZE_1
data: 0xFC 0x00 0xFD 0x39 0x8B 0x61 0x68 0x61 0xF8 0xED 0x44 0x01 0x36 0x00 0xA7 0x32 0x62 0x1B 0xD2 0x61 ...
(addr_2: 0x00000000, count: 0x0077, verify_fg: 0x8000, error_fg: 0x03, direct: 0x0000)
===================================
========== ex_memread =============
addr_1: 0x00000180, number: 0x00000080, EX_BREAK_RD, EX_DATA_SIZE_1
data: 0x04 0x13 0x31 0x1E 0x12 0xEE 0x8B 0x00 0xEE 0x2C 0x01 0xC7 0xC5 0xFA 0x20 0xC7 0x14 0x88 0x0D 0x61 ...
(addr_2: 0x00000000, count: 0x0077, verify_fg: 0x8000, error_fg: 0x03, direct: 0x0000)
===================================
========== ex_regread =============
EX_ER_OFF_REG_READ, num: 1, reg_char: 0xF820, data: 0x00000000
===================================
========== ex_regread =============
EX_ER_OFF_REG_READ, num: 1, reg_char: 0xF810, data: 0x00000000
===================================
========== ex_regread =============
EX_ER_OFF_REG_READ, num: 1, reg_char: 0xF811, data: 0x00000000
===================================
========== ex_regread =============
EX_ER_OFF_REG_READ, num: 1, reg_char: 0xF821, data: 0x00000000
===================================
========== ex_regread =============
EX_ER_OFF_REG_READ, num: 1, reg_char: 0xF906, data: 0x00000000
===================================
========== ex_regread =============
EX_ER_OFF_REG_READ, num: 1, reg_char: 0xF907, data: 0x00000000
===================================
========== ex_regread =============
EX_ER_OFF_REG_READ, num: 1, reg_char: 0x0201, data: 0x000FFC00
===================================
========== ex_regread =============
EX_ER_OFF_REG_READ, num: 1, reg_char: 0x0202, data: 0x00000006
===================================
========== ex_regread =============
EX_ER_OFF_REG_READ, num: 1, reg_char: 0x0210, data: 0x00000000
===================================
========== ex_regread =============
EX_ER_OFF_REG_READ, num: 1, reg_char: 0x0211, data: 0x0000000F
===================================
========== ex_sfrread =============
EX_ER_OFF_SFR_READ, EX_NON_READ, num: 0x0001, EX_DATA_SIZE_2, bit: 0x00000000, offset: 0x000FFFF0, data: 0x00000000
===================================
========== ex_sfrread =============
EX_ER_OFF_SFR_READ, EX_NON_READ, num: 0x0001, EX_DATA_SIZE_2, bit: 0x00000000, offset: 0x000FFFF2, data: 0x00000000
===================================
========== ex_regread =============
EX_ER_OFF_REG_READ, num: 1, reg_char: 0x0210, data: 0x00000000
===================================
========== ex_regread =============
EX_ER_OFF_REG_READ, num: 1, reg_char: 0x0211, data: 0x0000000F
===================================
========== ex_sfrread =============
EX_ER_OFF_SFR_READ, EX_NON_READ, num: 0x0001, EX_DATA_SIZE_2, bit: 0x00000000, offset: 0x000FFFF0, data: 0x00000000
===================================
========== ex_sfrread =============
EX_ER_OFF_SFR_READ, EX_NON_READ, num: 0x0001, EX_DATA_SIZE_2, bit: 0x00000000, offset: 0x000FFFF2, data: 0x00000000
===================================
========== ex_regread =============
EX_ER_OFF_REG_READ, num: 1, reg_char: 0xF820, data: 0x00000000
===================================
========== ex_regread =============
EX_ER_OFF_REG_READ, num: 1, reg_char: 0xF810, data: 0x00000000
===================================
========== ex_regread =============
EX_ER_OFF_REG_READ, num: 1, reg_char: 0xF811, data: 0x00000000
===================================
========== ex_regread =============
EX_ER_OFF_REG_READ, num: 1, reg_char: 0xF821, data: 0x00000000
===================================
========== ex_regread =============
EX_ER_OFF_REG_READ, num: 1, reg_char: 0xF906, data: 0x00000000
===================================
========== ex_regread =============
EX_ER_OFF_REG_READ, num: 1, reg_char: 0xF907, data: 0x00000000
===================================
========== ex_rrmmapping ==========
EX_REF, rrm_num: 0
===================================
========== ex_trcsw ===============
EX_TRCMEM_OFF
**********************************************************************
**  ERROR  **  0x030F  **  The setting has been already specified.  **
**********************************************************************
===================================
========== ex_run =================
EX_BRK_ST, saddr: 0x00000000, eaddr: 0x00000000
===================================
========== ex_getstatus ===========
cpustat: 0x00000000, exestat: 0x00000000, hwbrfact: 0x00200000, pc_value: 0x00008AF8
===================================
========== ex_getstatus ===========
cpustat: 0x00000000, exestat: 0x00000000, hwbrfact: 0x00200000, pc_value: 0x00008AF8
===================================
========== ex_timeread2 ===========
timer_no: 0, clock_unit: 100000
(0), count: 1, timer_total: 17
timer_max: 17, timer_min: 17
===================================
========== ex_regread =============
EX_ER_OFF_REG_READ, num: 1, reg_char: 0x0200, data: 0x00008AF8
===================================
========== ex_swbrkcond ===========
EX_DEL, num: 0x0001, sbno: 0x0001, sberr: 0x0000, sbaddr: 0x00008AF8, sbdata: 0x90 0x34
===================================
========== ex_run =================
EX_BRK_ST, saddr: 0x00000000, eaddr: 0x00000000
===================================
========== ex_getstatus ===========
cpustat: 0x00000000, exestat: 0x00000001, hwbrfact: 0x00000000, pc_value: 0xFFFFFFFF
===================================
========== ex_stop ================
===================================
========== ex_getstatus ===========
cpustat: 0x00000000, exestat: 0x00000000, hwbrfact: 0x00800000, pc_value: 0x00005BC9
===================================
========== ex_timeread2 ===========
timer_no: 0, clock_unit: 100000
(0), count: 1, timer_total: 479386
timer_max: 479386, timer_min: 479386
===================================
========== ex_regread =============
EX_ER_OFF_REG_READ, num: 1, reg_char: 0x0200, data: 0x00005BC9
===================================
========== ex_regread =============
EX_ER_OFF_REG_READ, num: 1, reg_char: 0x0201, data: 0x000FBD18
===================================
========== ex_memread =============
addr_1: 0x000FC180, number: 0x00000080, EX_BREAK_RD, EX_DATA_SIZE_1
data: 0x00 0x00 0x00 0x01 0x7C 0x05 0x00 0x00 0x70 0x00 0x00 0x00 0x72 0x1D 0xDA 0x02 0x77 0x04 0x00 0x00 ...
(addr_2: 0x00000000, count: 0x0077, verify_fg: 0x8000, error_fg: 0x03, direct: 0x0000)
===================================
========== ex_memread =============
addr_1: 0x000FC200, number: 0x00000080, EX_BREAK_RD, EX_DATA_SIZE_1
data: 0x00 0x00 0x00 0x00 0x00 0x64 0xC3 0xAC 0x00 0x00 0x5B 0x00 0x00 0x00 0x3E 0xD3 0xDA 0x02 0x56 0x23 ...
(addr_2: 0x00000000, count: 0x0077, verify_fg: 0x8000, error_fg: 0x03, direct: 0x0000)
===================================
========== ex_memread =============
addr_1: 0x000FC000, number: 0x00000080, EX_BREAK_RD, EX_DATA_SIZE_1
data: 0xC0 0xC1 0x5B 0x00 0xC0 0xC1 0x5B 0x00 0x4A 0x6C 0x00 0x00 0x1A 0x00 0x00 0x00 0xC0 0xC1 0x01 0x00 ...
(addr_2: 0x00000000, count: 0x0077, verify_fg: 0x8000, error_fg: 0x03, direct: 0x0000)
===================================
========== ex_memread =============
addr_1: 0x000FC080, number: 0x00000080, EX_BREAK_RD, EX_DATA_SIZE_1
data: 0x00 0x00 0x00 0x00 0x00 0x00 0x00 0x00 0x00 0x00 0xF0 0x47 0xA2 0xBC 0x88 0x65 0x00 0x00 0x00 0x00 ...
(addr_2: 0x00000000, count: 0x0077, verify_fg: 0x8000, error_fg: 0x03, direct: 0x0000)
===================================
========== ex_memread =============
addr_1: 0x000FC100, number: 0x00000080, EX_BREAK_RD, EX_DATA_SIZE_1
data: 0x00 0x00 0x00 0x00 0x00 0x00 0x00 0x00 0x00 0x00 0x00 0x00 0x00 0x00 0x00 0x00 0x00 0x00 0x00 0x00 ...
(addr_2: 0x00000000, count: 0x0077, verify_fg: 0x8000, error_fg: 0x03, direct: 0x0000)
===================================
========== ex_memread =============
addr_1: 0x000FBC00, number: 0x00000080, EX_BREAK_RD, EX_DATA_SIZE_1
data: 0x00 0x00 0x00 0x00 0x00 0x00 0x00 0x00 0x13 0x00 0x00 0x00 0x45 0x01 0x00 0x00 0x15 0x01 0x00 0x00 ...
(addr_2: 0x00000000, count: 0x0077, verify_fg: 0x8000, error_fg: 0x03, direct: 0x0000)
===================================
========== ex_memread =============
addr_1: 0x000FA880, number: 0x00000080, EX_BREAK_RD, EX_DATA_SIZE_1
data: 0x00 0x00 0x00 0x00 0x00 0x00 0x00 0x00 0x00 0x00 0x00 0x80 0x5E 0x79 0x01 0x00 0x2D 0x00 0x00 0x00 ...
(addr_2: 0x00000000, count: 0x0077, verify_fg: 0x8000, error_fg: 0x03, direct: 0x0000)
===================================
========== ex_memread =============
addr_1: 0x000FA900, number: 0x00000080, EX_BREAK_RD, EX_DATA_SIZE_1
data: 0x00 0x00 0x00 0x00 0x00 0x00 0x00 0x00 0x00 0x00 0x00 0x00 0x00 0x00 0x00 0x00 0x00 0x00 0x00 0x00 ...
(addr_2: 0x00000000, count: 0x0077, verify_fg: 0x8000, error_fg: 0x03, direct: 0x0000)
===================================
========== ex_swbrkcond ===========
EX_DEL, num: 0x0001, sbno: 0x0002, sberr: 0x0000, sbaddr: 0x00008B43, sbdata: 0x00 0x34
===================================
========== ex_exit ================
EX_END_PROC
===================================
========== Stop Logging ===========
Thu Mar 27 13:25:58 2014
========== End of file ============
